<?xml version="1.0" encoding="UTF-8"?>
<!-- Generated by org.testng.reporters.JUnitReportReporter -->
<testsuite hostname="DESKTOP-8UTBN9F" failures="0" tests="3" name="automation_practice.My_test_case_automation_practice" time="1.709" errors="0" timestamp="2024-11-24T19:03:25 EET" skipped="1">
  <testcase classname="automation_practice.My_test_case_automation_practice" name="dynamic_drop_down" time="1.329"/>
  <system-out/>
  <testcase classname="automation_practice.My_test_case_automation_practice" name="Select_roll" time="0.380"/>
  <system-out/>
  <testcase classname="automation_practice.My_test_case_automation_practice" name="radio_buttons">
    <skipped/>
  </testcase> <!-- radio_buttons -->
  <system-out/>
</testsuite> <!-- automation_practice.My_test_case_automation_practice -->
