<?xml version="1.0" encoding="UTF-8"?>
<!-- Generated by org.testng.reporters.JUnitReportReporter -->
<testsuite hostname="DESKTOP-8UTBN9F" failures="0" tests="11" name="automation_practice.My_test_case_automation_practice" time="0.405" errors="0" timestamp="2024-12-10T21:42:34 EET" skipped="10">
  <testcase classname="automation_practice.My_test_case_automation_practice" name="mouse_huver" time="0.405"/>
  <system-out/>
  <testcase classname="automation_practice.My_test_case_automation_practice" name="dynamic_drop_down">
    <skipped/>
  </testcase> <!-- dynamic_drop_down -->
  <system-out/>
  <testcase classname="automation_practice.My_test_case_automation_practice" name="radio_buttons">
    <skipped/>
  </testcase> <!-- radio_buttons -->
  <system-out/>
  <testcase classname="automation_practice.My_test_case_automation_practice" name="check_box">
    <skipped/>
  </testcase> <!-- check_box -->
  <system-out/>
  <testcase classname="automation_practice.My_test_case_automation_practice" name="openwindow">
    <skipped/>
  </testcase> <!-- openwindow -->
  <system-out/>
  <testcase classname="automation_practice.My_test_case_automation_practice" name="Table">
    <skipped/>
  </testcase> <!-- Table -->
  <system-out/>
  <testcase classname="automation_practice.My_test_case_automation_practice" name="Select_roll">
    <skipped/>
  </testcase> <!-- Select_roll -->
  <system-out/>
  <testcase classname="automation_practice.My_test_case_automation_practice" name="Element_Displayed">
    <skipped/>
  </testcase> <!-- Element_Displayed -->
  <system-out/>
  <testcase classname="automation_practice.My_test_case_automation_practice" name="opentab">
    <skipped/>
  </testcase> <!-- opentab -->
  <system-out/>
  <testcase classname="automation_practice.My_test_case_automation_practice" name="confirmbtn">
    <skipped/>
  </testcase> <!-- confirmbtn -->
  <system-out/>
  <testcase classname="automation_practice.My_test_case_automation_practice" name="alertbtn">
    <skipped/>
  </testcase> <!-- alertbtn -->
  <system-out/>
</testsuite> <!-- automation_practice.My_test_case_automation_practice -->
